android/build/outputs/logs/manifest-merger-release-report.txt
-- Merging decision tree log ---
manifest
ADDED from src\main\AndroidManifest.xml:4:1-40:12
INJECTED from src\main\AndroidManifest.xml:4:1-40:12
INJECTED from src\main\AndroidManifest.xml:4:1-40:12
INJECTED from src\main\AndroidManifest.xml:4:1-40:12
INJECTED from src\main\AndroidManifest.xml:4:1-40:12
INJECTED from src\main\AndroidManifest.xml:4:1-40:12
INJECTED from src\main\AndroidManifest.xml:4:1-40:12
	package
		ADDED from src\main\AndroidManifest.xml:5:5-28
		INJECTED from src\main\AndroidManifest.xml
		INJECTED from src\main\AndroidManifest.xml
	android:versionName
		INJECTED from src\main\AndroidManifest.xml
		ADDED from src\main\AndroidManifest.xml:4:1-40:12
		INJECTED from src\main\AndroidManifest.xml
	android:versionCode
		INJECTED from src\main\AndroidManifest.xml
		ADDED from src\main\AndroidManifest.xml:4:1-40:12
		INJECTED from src\main\AndroidManifest.xml
	xmlns:android
		ADDED from src\main\AndroidManifest.xml:4:11-69
uses-permission#android.permission.CAMERA
ADDED from src\main\AndroidManifest.xml:7:5-65
	android:name
		ADDED from src\main\AndroidManifest.xml:7:22-62
uses-permission#android.permission.INTERNET
ADDED from src\main\AndroidManifest.xml:8:5-67
	android:name
		ADDED from src\main\AndroidManifest.xml:8:22-64
uses-permission#android.permission.READ_EXTERNAL_STORAGE
ADDED from src\main\AndroidManifest.xml:9:5-80
	android:name
		ADDED from src\main\AndroidManifest.xml:9:22-77
uses-permission#android.permission.WRITE_EXTERNAL_STORAGE
ADDED from src\main\AndroidManifest.xml:10:5-81
	android:name
		ADDED from src\main\AndroidManifest.xml:10:22-78
uses-feature#android.hardware.camera
ADDED from src\main\AndroidManifest.xml:12:5-60
	android:name
		ADDED from src\main\AndroidManifest.xml:12:19-57
uses-feature#android.hardware.camera.autofocus
ADDED from src\main\AndroidManifest.xml:13:5-70
	android:name
		ADDED from src\main\AndroidManifest.xml:13:19-67
application
ADDED from src\main\AndroidManifest.xml:16:5-38:19
activity#com.baidu.aip.fl.RegActivity
ADDED from src\main\AndroidManifest.xml:17:9-19:52
	android:screenOrientation
		ADDED from src\main\AndroidManifest.xml:19:13-49
	android:name
		ADDED from src\main\AndroidManifest.xml:18:13-56
activity#com.baidu.aip.fl.VerifyLoginActivity
ADDED from src\main\AndroidManifest.xml:21:9-23:52
	android:screenOrientation
		ADDED from src\main\AndroidManifest.xml:23:13-49
	android:name
		ADDED from src\main\AndroidManifest.xml:22:13-64
activity#com.baidu.aip.fl.DetectLoginActivity
ADDED from src\main\AndroidManifest.xml:24:9-27:72
	android:screenOrientation
		ADDED from src\main\AndroidManifest.xml:26:13-49
	android:theme
		ADDED from src\main\AndroidManifest.xml:27:13-69
	android:name
		ADDED from src\main\AndroidManifest.xml:25:13-64
activity#com.baidu.aip.fl.LoginResultActivity
ADDED from src\main\AndroidManifest.xml:28:9-30:52
	android:screenOrientation
		ADDED from src\main\AndroidManifest.xml:30:13-49
	android:name
		ADDED from src\main\AndroidManifest.xml:29:13-64
activity#com.baidu.aip.fl.FaceDetectActivity
ADDED from src\main\AndroidManifest.xml:31:9-33:52
	android:screenOrientation
		ADDED from src\main\AndroidManifest.xml:33:13-49
	android:name
		ADDED from src\main\AndroidManifest.xml:32:13-63
activity#com.baidu.aip.fl.FaceCollectActivity
ADDED from src\main\AndroidManifest.xml:35:9-36:57
	android:screenOrientation
		ADDED from src\main\AndroidManifest.xml:36:19-55
	android:name
		ADDED from src\main\AndroidManifest.xml:35:19-70
uses-sdk
INJECTED from src\main\AndroidManifest.xml reason: use-sdk injection requested
INJECTED from src\main\AndroidManifest.xml
INJECTED from src\main\AndroidManifest.xml
INJECTED from src\main\AndroidManifest.xml
INJECTED from src\main\AndroidManifest.xml
	android:targetSdkVersion
		INJECTED from src\main\AndroidManifest.xml
		ADDED from src\main\AndroidManifest.xml
		INJECTED from src\main\AndroidManifest.xml
	android:minSdkVersion
		INJECTED from src\main\AndroidManifest.xml
		ADDED from src\main\AndroidManifest.xml
		INJECTED from src\main\AndroidManifest.xml